\BOOKMARK [1][-]{section*.8}{\376\377\000E\000l\000e\000c\000t\000r\000i\000c\000\040\000V\000e\000h\000i\000c\000l\000e\000s}{}% 1
\BOOKMARK [1][-]{section*.10}{\376\377\000R\000o\000b\000o\000t\000i\000c\000s}{}% 2
\BOOKMARK [1][-]{section*.12}{\376\377\000A\000r\000t\000i\000f\000i\000c\000i\000a\000l\000\040\000I\000n\000t\000e\000l\000l\000i\000g\000e\000n\000c\000e}{}% 3
\BOOKMARK [1][-]{section*.14}{\376\377\000S\000p\000a\000c\000e\000\040\000E\000n\000g\000i\000n\000e\000e\000r\000i\000n\000g}{}% 4
\BOOKMARK [1][-]{section*.16}{\376\377\000M\000e\000d\000i\000c\000a\000l\000\040\000E\000n\000g\000i\000n\000e\000e\000r\000i\000n\000g}{}% 5
\BOOKMARK [1][-]{section*.18}{\376\377\000A\000d\000d\000i\000t\000i\000v\000e\000\040\000M\000a\000n\000u\000f\000a\000c\000t\000u\000r\000i\000n\000g}{}% 6
\BOOKMARK [1][-]{section*.20}{\376\377\000S\000m\000a\000r\000t\000\040\000M\000a\000t\000e\000r\000i\000a\000l\000s}{}% 7
\BOOKMARK [1][-]{section*.22}{\376\377\000S\000m\000a\000r\000t\000\040\000C\000i\000t\000i\000e\000s}{}% 8
\BOOKMARK [1][-]{section*.24}{\376\377\000W\000a\000t\000e\000r\000\040\000T\000r\000e\000a\000t\000m\000e\000n\000t}{}% 9
\BOOKMARK [1][-]{section*.26}{\376\377\000F\000u\000t\000u\000r\000e\000\040\000T\000r\000a\000n\000s\000p\000o\000r\000t}{}% 10
\BOOKMARK [1][-]{section*.28}{\376\377\000C\000y\000b\000e\000r\000s\000e\000c\000u\000r\000i\000t\000y}{}% 11
\BOOKMARK [1][-]{section*.30}{\376\377\000I\000n\000t\000e\000r\000n\000e\000t\000\040\000o\000f\000\040\000T\000h\000i\000n\000g\000s}{}% 12
\BOOKMARK [1][-]{section*.32}{\376\377\000D\000r\000o\000n\000e\000s}{}% 13
\BOOKMARK [1][-]{section*.34}{\376\377\000B\000i\000o\000m\000i\000m\000e\000t\000i\000c\000s}{}% 14
\BOOKMARK [1][-]{section*.36}{\376\377\000C\000i\000r\000c\000u\000l\000a\000r\000\040\000E\000c\000o\000n\000o\000m\000y}{}% 15
\BOOKMARK [1][-]{section*.38}{\376\377\000D\000i\000g\000i\000t\000a\000l\000\040\000T\000w\000i\000n}{}% 16
\BOOKMARK [1][-]{section*.40}{\376\377\000I\000n\000d\000u\000s\000t\000r\000y\000\040\0004\000.\0000}{}% 17
\BOOKMARK [1][-]{section*.42}{\376\377\000A\000u\000t\000o\000n\000o\000m\000o\000u\000s\000\040\000V\000e\000h\000i\000c\000l\000e\000s}{}% 18
\BOOKMARK [1][-]{section*.44}{\376\377\000S\000m\000a\000r\000t\000\040\000G\000r\000i\000d\000s}{}% 19
\BOOKMARK [1][-]{section*.46}{\376\377\000M\000a\000r\000i\000n\000e\000\040\000R\000e\000n\000e\000w\000a\000b\000l\000e\000\040\000E\000n\000e\000r\000g\000y}{}% 20
\BOOKMARK [1][-]{section*.48}{\376\377\000B\000i\000o\000m\000e\000d\000i\000c\000a\000l\000\040\000I\000m\000a\000g\000i\000n\000g}{}% 21
\BOOKMARK [1][-]{section*.50}{\376\377\000N\000a\000n\000o\000t\000e\000c\000h\000n\000o\000l\000o\000g\000y}{}% 22
\BOOKMARK [1][-]{section*.52}{\376\377\000Q\000u\000a\000n\000t\000u\000m\000\040\000T\000e\000c\000h\000n\000o\000l\000o\000g\000i\000e\000s}{}% 23
\BOOKMARK [1][-]{section*.54}{\376\377\000S\000u\000s\000t\000a\000i\000n\000a\000b\000l\000e\000\040\000B\000u\000i\000l\000d\000i\000n\000g\000s}{}% 24
\BOOKMARK [1][-]{section*.56}{\376\377\000H\000i\000g\000h\000-\000S\000p\000e\000e\000d\000\040\000T\000r\000a\000n\000s\000p\000o\000r\000t\000a\000t\000i\000o\000n}{}% 25
